<?xml version="1.0" encoding="UTF-8"?>
<!-- Generated by org.testng.reporters.JUnitReportReporter -->
<testsuite hostname="Inheritor" failures="0" tests="1" name="edu.cscc.hibernate_test.LocationTest" time="3.728" errors="0" timestamp="2020-02-28T20:48:52 EST" skipped="0">
  <testcase classname="edu.cscc.hibernate_test.LocationTest" name="f" time="3.728"/>
</testsuite> <!-- edu.cscc.hibernate_test.LocationTest -->
