<?xml version="1.0" encoding="UTF-8"?>
<!-- Generated by org.testng.reporters.JUnitReportReporter -->
<testsuite hostname="Inheritor" failures="0" tests="1" name="edu.cscc.hibernate_test.LocationTest" time="3.105" errors="0" timestamp="2020-02-26T14:17:12 EST" skipped="0">
  <testcase classname="edu.cscc.hibernate_test.LocationTest" name="f" time="3.105"/>
</testsuite> <!-- edu.cscc.hibernate_test.LocationTest -->
